   -97321.66246234
   -97321.66244592
   -97321.66307756
   -97321.66349172
   -97321.66434173
   -97321.66487377
   -97321.66552901
   -97321.66606137
   -97321.66622978
   -97321.66661583
   -97321.66657170
   -97321.66620770
   -97321.66584631
   -97321.66540854
   -97321.66451849
   -97321.66368068
   -97321.66257118
   -97321.66150838
   -97321.66058402
   -97321.65957545
   -97321.65910392
   -97321.65840325
   -97321.65805446
   -97321.65824073
   -97321.65827924
   -97321.65934915
   -97321.65962896
   -97321.66012767
   -97321.66047038
   -97321.66047343
   -97321.66072053
   -97321.66051314
   -97321.66034579
   -97321.66027650
   -97321.66003786
   -97321.65992235
   -97321.65984741
   -97321.66011069
   -97321.66035719
   -97321.66087364
   -97321.66120835
   -97321.66159210
   -97321.66227393
   -97321.66298544
   -97321.66329964
   -97321.66359808
   -97321.66373254
   -97321.66355641
   -97321.66347932
   -97321.66300296
   -97321.66241434
   -97321.66169911
   -97321.66086261
   -97321.66018523
   -97321.65941181
   -97321.65874442
   -97321.65823172
   -97321.65816507
   -97321.65834683
   -97321.65850026
   -97321.65874120
   -97321.65983409
   -97321.66019302
   -97321.66054046
   -97321.66076171
   -97321.66105347
   -97321.66124081
   -97321.66134649
   -97321.66105610
   -97321.66114349
   -97321.66214332
